2025-05-18 01:20:21 - root - INFO - Цена: 2.3322, EMA: 2.347647363253429, RSI: 20.4, 6.5, 10.5, CCI: -153.7
2025-05-18 01:20:22 - root - ERROR - \u274c Недостаточно средств для входа
2025-05-18 02:01:47 - root - INFO - Цена: 2.3449, EMA: 2.3424168106481074, RSI: 61.0, 76.2, 71.3, CCI: -113.9
2025-05-18 02:01:48 - root - INFO - Нет сигнала на вход
2025-05-18 02:01:53 - root - INFO - Цена: 2.3448, EMA: 2.3424148304500876, RSI: 60.7, 76.2, 71.3, CCI: -113.9
2025-05-18 02:01:53 - root - INFO - Нет сигнала на вход
2025-05-18 02:01:59 - root - INFO - Цена: 2.3448, EMA: 2.3424148304500876, RSI: 60.7, 76.2, 71.3, CCI: -113.9
2025-05-18 02:01:59 - root - INFO - Нет сигнала на вход
2025-05-18 02:02:04 - root - INFO - Цена: 2.3442, EMA: 2.3424566827019953, RSI: 58.8, 72.3, 73.5, CCI: -112.6
2025-05-18 02:02:04 - root - INFO - Нет сигнала на вход
2025-05-18 02:02:10 - root - INFO - Цена: 2.3445, EMA: 2.342462623296055, RSI: 59.7, 72.7, 73.6, CCI: -112.6
2025-05-18 02:02:10 - root - INFO - Нет сигнала на вход
2025-05-18 02:02:15 - root - INFO - Цена: 2.3435, EMA: 2.342442821315857, RSI: 56.6, 71.2, 73.4, CCI: -113.0
2025-05-18 02:02:16 - root - INFO - Нет сигнала на вход
2025-05-18 02:02:21 - root - INFO - Цена: 2.3429, EMA: 2.342430940127738, RSI: 55.0, 70.4, 73.3, CCI: -113.3
2025-05-18 02:02:21 - root - INFO - Нет сигнала на вход
2025-05-18 02:02:26 - root - INFO - Цена: 2.3436, EMA: 2.3424448015138766, RSI: 56.9, 71.4, 73.4, CCI: -113.2
2025-05-18 02:02:27 - root - INFO - Нет сигнала на вход
2025-05-18 02:02:32 - root - INFO - Цена: 2.344, EMA: 2.3424527223059557, RSI: 58.1, 72.0, 73.5, CCI: -113.1
2025-05-18 02:02:32 - root - INFO - Нет сигнала на вход
2025-05-18 02:02:37 - root - INFO - Цена: 2.3442, EMA: 2.3424566827019953, RSI: 58.8, 72.3, 73.5, CCI: -113.0
2025-05-18 02:02:38 - root - INFO - Нет сигнала на вход
2025-05-18 02:02:43 - root - INFO - Цена: 2.3444, EMA: 2.342460643098035, RSI: 59.4, 72.6, 73.6, CCI: -113.0
2025-05-18 02:02:43 - root - INFO - Нет сигнала на вход
2025-05-18 02:02:48 - root - INFO - Цена: 2.3442, EMA: 2.3424566827019953, RSI: 58.8, 72.3, 73.5, CCI: -113.0
2025-05-18 02:02:49 - root - INFO - Нет сигнала на вход
2025-05-18 02:02:54 - root - INFO - Цена: 2.3441, EMA: 2.3424547025039755, RSI: 58.4, 72.1, 73.5, CCI: -113.0
2025-05-18 02:02:54 - root - INFO - Нет сигнала на вход
2025-05-18 02:02:59 - root - INFO - Цена: 2.3444, EMA: 2.342460643098035, RSI: 59.4, 72.6, 73.6, CCI: -113.0
2025-05-18 02:03:00 - root - INFO - Нет сигнала на вход
2025-05-18 02:03:05 - root - INFO - Цена: 2.3444, EMA: 2.3424997549930437, RSI: 59.4, 71.1, 75.1, CCI: -112.3
2025-05-18 02:03:05 - root - INFO - Нет сигнала на вход
2025-05-18 02:03:11 - root - INFO - Цена: 2.3443, EMA: 2.3424977747950235, RSI: 59.0, 71.0, 75.1, CCI: -112.4
2025-05-18 02:03:11 - root - INFO - Нет сигнала на вход
2025-05-18 02:03:16 - root - INFO - Цена: 2.3445, EMA: 2.3425017351910635, RSI: 59.6, 71.3, 75.1, CCI: -112.3
2025-05-18 02:03:16 - root - INFO - Нет сигнала на вход
2025-05-18 02:03:28 - root - INFO - Цена: 2.3436, EMA: 2.342483913408885, RSI: 56.8, 69.9, 75.0, CCI: -112.6
2025-05-18 02:03:29 - root - INFO - Нет сигнала на вход
2025-05-18 02:03:59 - root - INFO - Цена: 2.3429, EMA: 2.3424700520227466, RSI: 54.6, 68.9, 74.8, CCI: -113.2
2025-05-18 02:03:59 - root - INFO - Нет сигнала на вход
2025-05-18 02:04:29 - root - INFO - Цена: 2.3424, EMA: 2.3424696732948362, RSI: 53.1, 67.5, 75.9, CCI: -113.9
2025-05-18 02:04:30 - root - INFO - Нет сигнала на вход
2025-05-18 02:05:00 - root - INFO - Цена: 2.3446, EMA: 2.342513237651272, RSI: 58.7, 69.9, 76.2, CCI: -113.1
2025-05-18 02:05:00 - root - INFO - Нет сигнала на вход
2025-05-18 02:05:30 - root - INFO - Цена: 2.3442, EMA: 2.3425489943667532, RSI: 57.4, 68.1, 77.4, CCI: -113.4
2025-05-18 02:05:31 - root - INFO - Нет сигнала на вход
2025-05-18 02:06:01 - root - INFO - Цена: 2.3439, EMA: 2.342575745703953, RSI: 56.5, 66.1, 78.3, CCI: -108.7
2025-05-18 02:06:01 - root - INFO - Нет сигнала на вход
2025-05-18 02:06:32 - root - INFO - Цена: 2.3424, EMA: 2.342546042733656, RSI: 51.9, 63.8, 78.1, CCI: -109.5
2025-05-18 02:06:32 - root - INFO - Нет сигнала на вход
2025-05-18 02:07:02 - root - INFO - Цена: 2.34, EMA: 2.3424566464920487, RSI: 45.9, 54.8, 78.0, CCI: -107.1
2025-05-18 02:07:02 - root - INFO - Нет сигнала на вход
2025-05-18 02:07:33 - root - INFO - Цена: 2.3406, EMA: 2.342468527680168, RSI: 47.5, 55.6, 78.1, CCI: -106.6
2025-05-18 02:07:33 - root - INFO - Нет сигнала на вход
2025-05-18 02:08:03 - root - INFO - Цена: 2.3432, EMA: 2.342511694387431, RSI: 53.9, 57.3, 78.8, CCI: -99.9
2025-05-18 02:08:04 - root - INFO - Нет сигнала на вход
2025-05-18 02:08:34 - root - INFO - Цена: 2.341, EMA: 2.3424681300309955, RSI: 48.5, 54.4, 78.5, CCI: -100.8
2025-05-18 02:08:34 - root - INFO - Нет сигнала на вход
2025-05-18 02:09:04 - root - INFO - Цена: 2.345, EMA: 2.342558879394684, RSI: 57.8, 57.6, 79.6, CCI: -92.6
2025-05-18 02:09:05 - root - INFO - Нет сигнала на вход
2025-05-18 02:09:35 - root - INFO - Цена: 2.3484, EMA: 2.3426262061273575, RSI: 63.7, 61.1, 80.1, CCI: -90.6
2025-05-18 02:09:36 - root - INFO - Нет сигнала на вход
2025-05-18 02:10:06 - root - INFO - Цена: 2.3511, EMA: 2.342823778031565, RSI: 67.4, 68.1, 81.8, CCI: -73.8
2025-05-18 02:10:06 - root - INFO - Нет сигнала на вход
2025-05-18 02:10:36 - root - INFO - Цена: 2.3505, EMA: 2.3428118968434464, RSI: 66.6, 67.7, 81.7, CCI: -73.9
2025-05-18 02:10:37 - root - INFO - Нет сигнала на вход
2025-05-18 02:11:07 - root - INFO - Цена: 2.351, EMA: 2.3429817981980188, RSI: 66.8, 74.5, 83.3, CCI: -54.6
2025-05-18 02:11:07 - root - INFO - Нет сигнала на вход
2025-05-18 02:11:38 - root - INFO - Цена: 2.3508, EMA: 2.342977837801979, RSI: 66.3, 74.4, 83.2, CCI: -54.8
2025-05-18 02:11:38 - root - ERROR - \u274c Недостаточно средств для входа
2025-05-18 02:12:38 - root - INFO - Цена: 2.349, EMA: 2.3430724563637635, RSI: 61.5, 77.1, 84.2, CCI: -35.3
2025-05-18 02:12:39 - root - INFO - Нет сигнала на вход
2025-05-18 02:13:09 - root - INFO - Цена: 2.3485, EMA: 2.343172409229464, RSI: 60.3, 79.1, 85.0, CCI: -14.4
2025-05-18 02:13:09 - root - INFO - Нет сигнала на вход
2025-05-18 02:13:40 - root - INFO - Цена: 2.3476, EMA: 2.343154587447286, RSI: 58.0, 78.8, 84.9, CCI: -15.5
2025-05-18 02:13:40 - root - INFO - Нет сигнала на вход
2025-05-18 02:14:10 - root - INFO - Цена: 2.3479, EMA: 2.343251538459609, RSI: 58.7, 76.1, 85.7, CCI: 9.7
2025-05-18 02:14:10 - root - INFO - Нет сигнала на вход
2025-05-18 02:14:41 - root - INFO - Цена: 2.3487, EMA: 2.343267380043767, RSI: 60.2, 77.2, 85.8, CCI: 11.0
2025-05-18 02:14:41 - root - INFO - Нет сигнала на вход
2025-05-18 02:15:12 - root - INFO - Цена: 2.3485, EMA: 2.343358261440499, RSI: 59.9, 72.7, 86.6, CCI: 47.2
2025-05-18 02:15:12 - root - INFO - Нет сигнала на вход
2025-05-18 02:15:42 - root - INFO - Цена: 2.3481, EMA: 2.3433503406484197, RSI: 58.9, 72.1, 86.5, CCI: 46.9
2025-05-18 02:15:43 - root - INFO - Нет сигнала на вход
2025-05-18 02:16:13 - root - INFO - Цена: 2.3468, EMA: 2.3433953722088288, RSI: 55.4, 67.2, 87.1, CCI: 85.2
2025-05-18 02:16:13 - root - INFO - Нет сигнала на вход
2025-05-18 02:16:43 - root - INFO - Цена: 2.347, EMA: 2.3433993326048683, RSI: 55.9, 67.4, 87.2, CCI: 85.2
2025-05-18 02:16:44 - root - INFO - Нет сигнала на вход
2025-05-18 02:17:14 - root - INFO - Цена: 2.3484, EMA: 2.3435007567578303, RSI: 58.9, 67.0, 88.0, CCI: 125.2
2025-05-18 02:17:14 - root - INFO - Нет сигнала на вход
2025-05-18 02:17:45 - root - INFO - Цена: 2.3495, EMA: 2.3435225389360483, RSI: 61.0, 67.9, 88.1, CCI: 126.5
2025-05-18 02:17:45 - root - INFO - Нет сигнала на вход
2025-05-18 02:18:15 - root - INFO - Цена: 2.3493, EMA: 2.343641027147849, RSI: 60.6, 68.8, 89.3, CCI: 160.0
2025-05-18 02:18:15 - root - INFO - Нет сигнала на вход
2025-05-18 02:18:46 - root - INFO - Цена: 2.3503, EMA: 2.3436608291280474, RSI: 62.6, 69.4, 89.4, CCI: 161.2
2025-05-18 02:18:46 - root - INFO - Нет сигнала на вход
2025-05-18 02:19:16 - root - INFO - Цена: 2.3511, EMA: 2.343823530755908, RSI: 64.0, 71.4, 90.6, CCI: 182.1
2025-05-18 02:19:16 - root - INFO - Нет сигнала на вход
2025-05-18 02:19:47 - root - INFO - Цена: 2.3521, EMA: 2.343843332736106, RSI: 65.7, 72.0, 90.7, CCI: 183.2
2025-05-18 02:19:47 - root - INFO - Нет сигнала на вход
2025-05-18 02:20:17 - root - INFO - Цена: 2.3517, EMA: 2.3440162295932323, RSI: 63.2, 74.8, 91.7, CCI: 190.5
2025-05-18 02:20:17 - root - INFO - Нет сигнала на вход
2025-05-18 02:20:48 - root - INFO - Цена: 2.3518, EMA: 2.3440182097912525, RSI: 63.5, 74.9, 91.7, CCI: 190.5
2025-05-18 02:20:48 - root - INFO - Нет сигнала на вход
2025-05-18 02:21:18 - root - INFO - Цена: 2.3513, EMA: 2.3441469927219605, RSI: 62.0, 76.7, 92.3, CCI: 182.7
2025-05-18 02:21:18 - root - INFO - Нет сигнала на вход
2025-05-18 02:21:49 - root - INFO - Цена: 2.3532, EMA: 2.3441846164843367, RSI: 65.2, 77.5, 92.4, CCI: 184.2
2025-05-18 02:21:49 - root - INFO - Нет сигнала на вход
2025-05-18 02:22:20 - root - INFO - Цена: 2.3518, EMA: 2.344336625964809, RSI: 60.8, 78.6, 93.1, CCI: 173.0
2025-05-18 02:22:20 - root - INFO - Нет сигнала на вход
2025-05-18 02:22:51 - root - INFO - Цена: 2.352, EMA: 2.3443405863608486, RSI: 61.3, 78.7, 93.1, CCI: 173.0
2025-05-18 02:22:51 - root - INFO - Нет сигнала на вход
2025-05-18 02:23:21 - root - INFO - Цена: 2.3499, EMA: 2.344426146957376, RSI: 55.9, 76.9, 93.5, CCI: 160.3
2025-05-18 02:23:21 - root - INFO - Нет сигнала на вход
2025-05-18 02:23:52 - root - INFO - Цена: 2.35, EMA: 2.3444281271553957, RSI: 56.1, 77.0, 93.5, CCI: 160.3
2025-05-18 02:23:52 - root - INFO - Нет сигнала на вход
2025-05-18 02:24:22 - root - INFO - Цена: 2.3519, EMA: 2.3445701870425912, RSI: 59.5, 74.9, 94.0, CCI: 151.4
2025-05-18 02:24:22 - root - INFO - Нет сигнала на вход
2025-05-18 02:24:53 - root - INFO - Цена: 2.3525, EMA: 2.34458206823071, RSI: 60.5, 75.9, 94.0, CCI: 151.7
2025-05-18 02:24:53 - root - INFO - Нет сигнала на вход
2025-05-18 02:25:23 - root - INFO - Цена: 2.3514, EMA: 2.3447216993112834, RSI: 57.7, 76.0, 94.5, CCI: 145.8
2025-05-18 02:25:23 - root - INFO - Нет сигнала на вход
2025-05-18 02:25:54 - root - INFO - Цена: 2.3508, EMA: 2.3447098181231647, RSI: 56.3, 75.2, 94.4, CCI: 145.6
2025-05-18 02:25:54 - root - INFO - Нет сигнала на вход
2025-05-18 02:26:24 - root - INFO - Цена: 2.3502, EMA: 2.344813900959932, RSI: 54.9, 69.2, 94.8, CCI: 140.9
2025-05-18 02:26:24 - root - INFO - Нет сигнала на вход
2025-05-18 02:26:55 - root - INFO - Цена: 2.3509, EMA: 2.3448277623460707, RSI: 56.4, 70.3, 94.8, CCI: 141.1
2025-05-18 02:26:55 - root - INFO - Нет сигнала на вход
2025-05-18 02:27:25 - root - INFO - Цена: 2.3523, EMA: 2.344972957086154, RSI: 59.1, 71.1, 95.0, CCI: 139.4
2025-05-18 02:27:35 - root - ERROR - \u274c Недостаточно средств для входа
2025-05-18 02:28:35 - root - ERROR - Ошибка при получении индикаторов
2025-05-18 02:29:36 - root - INFO - Цена: 2.3536, EMA: 2.3453368396839562, RSI: 60.5, 75.1, 95.7, CCI: 138.9
2025-05-18 02:29:37 - root - INFO - Нет сигнала на вход
2025-05-18 02:30:07 - root - INFO - Цена: 2.352, EMA: 2.3454621570523875, RSI: 56.3, 75.8, 95.9, CCI: 138.9
2025-05-18 02:30:07 - root - INFO - Нет сигнала на вход
2025-05-18 02:30:38 - root - INFO - Цена: 2.352, EMA: 2.3454621570523875, RSI: 56.3, 75.8, 95.9, CCI: 138.7
2025-05-18 02:30:38 - root - INFO - Нет сигнала на вход
2025-05-18 02:31:08 - root - INFO - Цена: 2.3504, EMA: 2.34552943465905, RSI: 52.5, 73.3, 96.0, CCI: 136.1
2025-05-18 02:31:08 - root - INFO - Нет сигнала на вход
2025-05-18 02:31:39 - root - INFO - Цена: 2.3503, EMA: 2.3455274544610303, RSI: 52.3, 73.1, 96.0, CCI: 136.1
2025-05-18 02:31:39 - root - INFO - Нет сигнала на вход
2025-05-18 02:32:09 - root - INFO - Цена: 2.3508, EMA: 2.3456391193464934, RSI: 53.4, 69.4, 96.2, CCI: 133.8
2025-05-18 02:32:10 - root - INFO - Нет сигнала на вход
2025-05-18 02:32:40 - root - INFO - Цена: 2.3509, EMA: 2.3456410995445136, RSI: 53.6, 69.5, 96.2, CCI: 133.9
2025-05-18 02:32:40 - root - INFO - Нет сигнала на вход
2025-05-18 02:33:10 - root - INFO - Цена: 2.3491, EMA: 2.345718984206095, RSI: 49.2, 59.7, 96.4, CCI: 129.2
2025-05-18 02:33:11 - root - INFO - Нет сигнала на вход
2025-05-18 02:33:41 - root - INFO - Цена: 2.3503, EMA: 2.3457427465823324, RSI: 52.1, 61.7, 96.4, CCI: 129.4
2025-05-18 02:33:41 - root - INFO - Нет сигнала на вход
2025-05-18 02:34:11 - root - INFO - Цена: 2.3508, EMA: 2.3458657499296787, RSI: 53.4, 58.4, 96.6, CCI: 125.1
2025-05-18 02:34:12 - root - INFO - Нет сигнала на вход
2025-05-18 02:34:42 - root - INFO - Цена: 2.352, EMA: 2.345889512305916, RSI: 56.2, 60.4, 96.7, CCI: 125.5
2025-05-18 02:34:42 - root - INFO - Нет сигнала на вход
2025-05-18 02:35:13 - root - INFO - Цена: 2.3508, EMA: 2.345986124150057, RSI: 53.1, 60.1, 96.8, CCI: 121.0
2025-05-18 02:35:13 - root - INFO - Нет сигнала на вход
2025-05-18 02:35:43 - root - INFO - Цена: 2.3508, EMA: 2.345986124150057, RSI: 53.1, 60.1, 96.8, CCI: 121.0
2025-05-18 02:35:44 - root - INFO - Нет сигнала на вход
2025-05-18 02:36:14 - root - INFO - Цена: 2.3495, EMA: 2.346067512731332, RSI: 49.3, 58.6, 97.1, CCI: 116.5
2025-05-18 02:36:14 - root - INFO - Нет сигнала на вход
2025-05-18 02:36:44 - root - INFO - Цена: 2.3488, EMA: 2.3460536513451937, RSI: 47.5, 57.3, 97.1, CCI: 116.2
2025-05-18 02:36:45 - root - INFO - Нет сигнала на вход
2025-05-18 02:37:15 - root - INFO - Цена: 2.3496, EMA: 2.346118252365785, RSI: 49.9, 54.4, 97.2, CCI: 111.7
2025-05-18 02:37:15 - root - INFO - Нет сигнала на вход
2025-05-18 02:37:46 - root - INFO - Цена: 2.3505, EMA: 2.346136074147963, RSI: 52.1, 55.9, 97.3, CCI: 112.0
2025-05-18 02:37:46 - root - INFO - Нет сигнала на вход
2025-05-18 02:38:16 - root - INFO - Цена: 2.3492, EMA: 2.3461881200833274, RSI: 48.8, 52.1, 97.4, CCI: 108.1
2025-05-18 02:38:16 - root - INFO - Нет сигнала на вход
2025-05-18 02:38:47 - root - INFO - Цена: 2.3502, EMA: 2.3462079220635252, RSI: 51.4, 53.8, 97.4, CCI: 108.4
2025-05-18 02:38:47 - root - INFO - Нет сигнала на вход
2025-05-18 02:39:17 - root - INFO - Цена: 2.3505, EMA: 2.3463015008939943, RSI: 52.2, 52.1, 97.4, CCI: 105.8
2025-05-18 02:39:17 - root - INFO - Нет сигнала на вход
2025-05-18 02:39:48 - root - INFO - Цена: 2.3512, EMA: 2.3463153622801327, RSI: 54.1, 53.4, 97.5, CCI: 106.1
2025-05-18 02:39:48 - root - INFO - Нет сигнала на вход
2025-05-18 02:40:18 - root - INFO - Цена: 2.3508, EMA: 2.3464002449094483, RSI: 53.1, 52.5, 97.0, CCI: 103.5
2025-05-18 02:40:19 - root - INFO - Нет сигнала на вход
2025-05-18 02:40:49 - root - INFO - Цена: 2.35, EMA: 2.34638440332529, RSI: 50.6, 51.0, 96.2, CCI: 103.3
2025-05-18 02:40:49 - root - INFO - Нет сигнала на вход
2025-05-18 02:41:20 - root - INFO - Цена: 2.3525, EMA: 2.346511764093996, RSI: 57.3, 57.9, 96.3, CCI: 102.8
2025-05-18 02:41:20 - root - INFO - Нет сигнала на вход
2025-05-18 02:41:50 - root - INFO - Цена: 2.3502, EMA: 2.3464662195395403, RSI: 51.2, 54.4, 96.2, CCI: 102.3
2025-05-18 02:41:51 - root - INFO - Нет сигнала на вход
2025-05-18 02:42:21 - root - INFO - Цена: 2.3518, EMA: 2.3465825912726648, RSI: 55.9, 58.0, 96.4, CCI: 102.6
2025-05-18 02:42:21 - root - INFO - Нет сигнала на вход
2025-05-18 02:42:51 - root - INFO - Цена: 2.3514, EMA: 2.3465746704805857, RSI: 54.8, 57.3, 96.4, CCI: 102.5
2025-05-18 02:42:52 - root - INFO - Нет сигнала на вход
2025-05-18 02:43:22 - root - INFO - Цена: 2.3518, EMA: 2.3466808399751318, RSI: 56.0, 59.7, 96.5, CCI: 103.9
2025-05-18 02:43:22 - root - INFO - Нет сигнала на вход
2025-05-18 02:43:53 - root - INFO - Цена: 2.3503, EMA: 2.3466511370048346, RSI: 51.1, 57.3, 96.5, CCI: 103.5
2025-05-18 02:43:53 - root - INFO - Нет сигнала на вход
2025-05-18 02:44:23 - root - INFO - Цена: 2.3508, EMA: 2.3467567133493175, RSI: 52.7, 58.5, 96.6, CCI: 104.4
2025-05-18 02:44:23 - root - INFO - Нет сигнала на вход
2025-05-18 02:44:54 - root - INFO - Цена: 2.3499, EMA: 2.3467388915671394, RSI: 49.6, 56.5, 96.5, CCI: 103.9
2025-05-18 02:44:54 - root - INFO - Нет сигнала на вход
2025-05-18 02:45:24 - root - INFO - Цена: 2.3514, EMA: 2.3468534153638223, RSI: 54.6, 60.1, 96.7, CCI: 106.6
2025-05-18 02:45:24 - root - INFO - Нет сигнала на вход
2025-05-18 02:45:55 - root - INFO - Цена: 2.3535, EMA: 2.346894999522238, RSI: 60.3, 63.3, 96.8, CCI: 107.6
2025-05-18 02:45:55 - root - INFO - Нет сигнала на вход
2025-05-18 02:46:25 - root - INFO - Цена: 2.3514, EMA: 2.3470058726663896, RSI: 53.2, 64.3, 97.0, CCI: 111.5
2025-05-18 02:46:25 - root - INFO - Нет сигнала на вход
2025-05-18 02:46:56 - root - INFO - Цена: 2.3519, EMA: 2.3470157736564885, RSI: 54.8, 65.0, 97.0, CCI: 111.4
2025-05-18 02:46:56 - root - INFO - Нет сигнала на вход
2025-05-18 02:47:26 - root - INFO - Цена: 2.3528, EMA: 2.3471591225470174, RSI: 57.3, 67.1, 97.1, CCI: 116.3
2025-05-18 02:47:26 - root - INFO - Нет сигнала на вход
2025-05-18 02:47:57 - root - INFO - Цена: 2.3526, EMA: 2.347155162150978, RSI: 56.8, 66.9, 97.1, CCI: 116.3
2025-05-18 02:47:57 - root - INFO - Нет сигнала на вход
2025-05-18 02:48:27 - root - INFO - Цена: 2.3521, EMA: 2.3472453256178114, RSI: 55.0, 65.3, 97.1, CCI: 122.3
2025-05-18 02:48:27 - root - INFO - Нет сигнала на вход
2025-05-18 02:48:58 - root - INFO - Цена: 2.3514, EMA: 2.347231464231673, RSI: 53.0, 64.2, 97.1, CCI: 122.1
2025-05-18 02:48:58 - root - INFO - Нет сигнала на вход
2025-05-18 02:49:28 - root - INFO - Цена: 2.3531, EMA: 2.3473644177077193, RSI: 57.8, 67.7, 97.1, CCI: 129.8
2025-05-18 02:49:28 - root - INFO - Нет сигнала на вход
2025-05-18 02:49:59 - root - INFO - Цена: 2.3524, EMA: 2.347350556321581, RSI: 56.0, 66.8, 96.4, CCI: 129.7
2025-05-18 02:49:59 - root - INFO - Нет сигнала на вход
2025-05-18 02:50:30 - root - INFO - Цена: 2.3535, EMA: 2.347498966658916, RSI: 59.0, 67.1, 96.5, CCI: 135.3
2025-05-18 02:50:30 - root - INFO - Нет сигнала на вход
2025-05-18 02:51:00 - root - INFO - Цена: 2.3538, EMA: 2.3475049072529752, RSI: 59.8, 67.5, 96.5, CCI: 135.7
2025-05-18 02:51:00 - root - INFO - Нет сигнала на вход
2025-05-18 02:51:31 - root - INFO - Цена: 2.3545, EMA: 2.3476728982685766, RSI: 61.5, 71.2, 96.6, CCI: 139.7
2025-05-18 02:51:31 - root - INFO - Нет сигнала на вход
2025-05-18 02:52:01 - root - INFO - Цена: 2.3548, EMA: 2.347841301926975, RSI: 62.3, 75.9, 96.8, CCI: 143.5
2025-05-18 02:52:01 - root - INFO - Нет сигнала на вход
2025-05-18 02:52:32 - root - INFO - Цена: 2.3533, EMA: 2.3478115989566777, RSI: 56.9, 74.4, 96.7, CCI: 142.5
2025-05-18 02:52:32 - root - INFO - Нет сигнала на вход
2025-05-18 02:53:02 - root - INFO - Цена: 2.353, EMA: 2.3479327627912068, RSI: 55.9, 76.2, 96.8, CCI: 141.4
2025-05-18 02:53:03 - root - INFO - Нет сигнала на вход
2025-05-18 02:53:33 - root - INFO - Цена: 2.3532, EMA: 2.3479367231872463, RSI: 56.4, 76.4, 96.9, CCI: 141.5
2025-05-18 02:53:33 - root - INFO - Нет сигнала на вход
2025-05-18 02:54:04 - root - INFO - Цена: 2.3525, EMA: 2.3480521727172436, RSI: 53.8, 76.5, 96.9, CCI: 138.2
2025-05-18 02:54:04 - root - INFO - Нет сигнала на вход
2025-05-18 02:54:34 - root - INFO - Цена: 2.3532, EMA: 2.348066034103382, RSI: 56.4, 77.2, 96.9, CCI: 138.4
2025-05-18 02:54:35 - root - INFO - Нет сигнала на вход
2025-05-18 02:55:05 - root - INFO - Цена: 2.3516, EMA: 2.3481580174391263, RSI: 50.4, 69.6, 96.9, CCI: 134.2
2025-05-18 02:55:05 - root - INFO - Нет сигнала на вход
2025-05-18 02:55:35 - root - INFO - Цена: 2.3521, EMA: 2.3481679184292252, RSI: 52.2, 71.1, 97.0, CCI: 134.4
2025-05-18 02:55:36 - root - INFO - Нет сигнала на вход
2025-05-18 02:56:06 - root - INFO - Цена: 2.3519, EMA: 2.3482704709593443, RSI: 51.5, 62.8, 97.0, CCI: 129.4
2025-05-18 02:56:06 - root - INFO - Нет сигнала на вход
2025-05-18 02:56:36 - root - INFO - Цена: 2.3532, EMA: 2.348296213533602, RSI: 55.8, 66.4, 97.1, CCI: 130.2
2025-05-18 02:56:37 - root - INFO - Нет сигнала на вход
2025-05-18 02:57:07 - root - INFO - Цена: 2.3542, EMA: 2.348469247213516, RSI: 58.4, 71.5, 97.2, CCI: 125.3
2025-05-18 02:57:07 - root - INFO - Нет сигнала на вход
2025-05-18 02:57:38 - root - INFO - Цена: 2.355, EMA: 2.3484850887976747, RSI: 60.7, 72.6, 97.3, CCI: 125.8
2025-05-18 02:57:38 - root - INFO - Нет сигнала на вход
2025-05-18 02:58:08 - root - INFO - Цена: 2.3544, EMA: 2.3486343792769664, RSI: 58.7, 73.7, 97.3, CCI: 120.8
2025-05-18 02:58:08 - root - INFO - Нет сигнала на вход
2025-05-18 02:58:39 - root - INFO - Цена: 2.3536, EMA: 2.3486185376928077, RSI: 55.6, 72.7, 95.7, CCI: 120.3
2025-05-18 02:58:39 - root - INFO - Нет сигнала на вход
2025-05-18 02:59:09 - root - INFO - Цена: 2.3539, EMA: 2.3487664624574514, RSI: 56.7, 74.7, 96.5, CCI: 117.5
2025-05-18 02:59:09 - root - INFO - Нет сигнала на вход
2025-05-18 02:59:40 - root - INFO - Цена: 2.3532, EMA: 2.3487526010713125, RSI: 53.9, 73.8, 96.5, CCI: 116.9
2025-05-18 02:59:40 - root - INFO - Нет сигнала на вход
2025-05-18 03:00:10 - root - INFO - Цена: 2.3539, EMA: 2.3488910088993293, RSI: 56.2, 76.3, 96.8, CCI: 114.1
2025-05-18 03:00:11 - root - INFO - Нет сигнала на вход
2025-05-18 03:00:41 - root - INFO - Цена: 2.3536, EMA: 2.34888506830527, RSI: 55.3, 76.0, 96.7, CCI: 114.0
2025-05-18 03:00:41 - root - INFO - Нет сигнала на вход
2025-05-18 03:01:11 - root - INFO - Цена: 2.3563, EMA: 2.349062276985133, RSI: 63.0, 78.1, 97.1, CCI: 113.3
2025-05-18 03:01:12 - root - INFO - Нет сигнала на вход
2025-05-18 03:01:42 - root - INFO - Цена: 2.3554, EMA: 2.349044455202955, RSI: 60.8, 77.1, 97.1, CCI: 113.1
2025-05-18 03:01:42 - root - INFO - Нет сигнала на вход
2025-05-18 03:02:12 - root - INFO - Цена: 2.3542, EMA: 2.3491547746180395, RSI: 57.3, 72.5, 97.2, CCI: 112.9
2025-05-18 03:02:13 - root - INFO - Нет сигнала на вход
2025-05-18 03:02:43 - root - INFO - Цена: 2.3573, EMA: 2.3492161607566535, RSI: 65.8, 77.8, 97.4, CCI: 114.8
2025-05-18 03:02:43 - root - INFO - Нет сигнала на вход
2025-05-18 03:03:14 - root - INFO - Цена: 2.3587, EMA: 2.3494441227488423, RSI: 68.8, 82.6, 97.8, CCI: 120.3
2025-05-18 03:03:14 - root - INFO - Нет сигнала на вход
2025-05-18 03:03:44 - root - INFO - Цена: 2.3608, EMA: 2.3494857069072586, RSI: 72.4, 84.0, 97.9, CCI: 121.7
2025-05-18 03:03:44 - root - INFO - Нет сигнала на вход
2025-05-18 03:04:15 - root - INFO - Цена: 2.3594, EMA: 2.349714799935659, RSI: 66.8, 87.3, 98.2, CCI: 127.6
2025-05-18 03:04:15 - root - INFO - Нет сигнала на вход
2025-05-18 03:04:45 - root - INFO - Цена: 2.3583, EMA: 2.349693017757441, RSI: 63.0, 86.8, 98.1, CCI: 126.8
2025-05-18 03:04:46 - root - INFO - Нет сигнала на вход
2025-05-18 03:05:16 - root - INFO - Цена: 2.3585, EMA: 2.349918091712584, RSI: 63.4, 89.2, 98.4, CCI: 131.5
2025-05-18 03:05:16 - root - INFO - Нет сигнала на вход
2025-05-18 03:05:46 - root - INFO - Цена: 2.3588, EMA: 2.3499240323066433, RSI: 64.5, 89.3, 98.4, CCI: 131.6
2025-05-18 03:05:47 - root - INFO - Нет сигнала на вход
2025-05-18 03:06:17 - root - INFO - Цена: 2.3598, EMA: 2.3501520717364346, RSI: 66.1, 90.9, 98.7, CCI: 139.0
2025-05-18 03:06:17 - root - INFO - Нет сигнала на вход
2025-05-18 03:06:48 - root - INFO - Цена: 2.3601, EMA: 2.350158012330494, RSI: 66.7, 91.0, 98.7, CCI: 139.6
2025-05-18 03:06:48 - root - INFO - Нет сигнала на вход
2025-05-18 03:07:18 - root - INFO - Цена: 2.358, EMA: 2.3503535075792628, RSI: 59.0, 91.1, 98.8, CCI: 144.9
2025-05-18 03:07:18 - root - INFO - Нет сигнала на вход
2025-05-18 03:07:49 - root - INFO - Цена: 2.3569, EMA: 2.350331725401045, RSI: 55.8, 89.0, 98.8, CCI: 143.9
2025-05-18 03:07:49 - root - INFO - Нет сигнала на вход
2025-05-18 03:08:19 - root - INFO - Цена: 2.3565, EMA: 2.3505004518457993, RSI: 54.5, 80.0, 98.9, CCI: 144.8
2025-05-18 03:08:20 - root - INFO - Нет сигнала на вход
2025-05-18 03:08:50 - root - INFO - Цена: 2.3565, EMA: 2.3505004518457993, RSI: 54.5, 80.0, 98.9, CCI: 144.8
2025-05-18 03:08:50 - root - INFO - Нет сигнала на вход
2025-05-18 03:09:20 - root - INFO - Цена: 2.3571, EMA: 2.3506519785953537, RSI: 55.8, 74.2, 99.0, CCI: 137.6
2025-05-18 03:09:21 - root - INFO - Нет сигнала на вход
2025-05-18 03:09:51 - root - INFO - Цена: 2.3589, EMA: 2.35068762215971, RSI: 59.5, 78.0, 99.0, CCI: 138.8
2025-05-18 03:09:51 - root - INFO - Нет сигнала на вход
2025-05-18 03:10:21 - root - INFO - Цена: 2.3604, EMA: 2.3509082279355464, RSI: 62.4, 78.8, 99.1, CCI: 131.7
2025-05-18 03:10:22 - root - INFO - Нет сигнала на вход
2025-05-18 03:10:52 - root - INFO - Цена: 2.3611, EMA: 2.3509220893216853, RSI: 63.6, 79.2, 99.2, CCI: 132.0
2025-05-18 03:10:52 - root - INFO - Нет сигнала на вход
2025-05-18 03:11:23 - root - INFO - Цена: 2.3628, EMA: 2.351194124134053, RSI: 66.3, 81.0, 99.3, CCI: 128.6
2025-05-18 03:11:23 - root - INFO - Нет сигнала на вход
2025-05-18 03:11:53 - root - INFO - Цена: 2.3614, EMA: 2.351166401361776, RSI: 63.7, 80.3, 99.3, CCI: 128.0
2025-05-18 03:11:53 - root - INFO - Нет сигнала на вход
2025-05-18 03:12:24 - root - INFO - Цена: 2.3588, EMA: 2.351322523041207, RSI: 56.4, 80.5, 99.3, CCI: 123.6
2025-05-18 03:12:24 - root - INFO - Нет сигнала на вход
2025-05-18 03:12:54 - root - INFO - Цена: 2.3581, EMA: 2.3513086616550685, RSI: 54.7, 80.1, 99.3, CCI: 123.0
2025-05-18 03:12:54 - root - INFO - Нет сигнала на вход
2025-05-18 03:13:25 - root - INFO - Цена: 2.3591, EMA: 2.351490935637134, RSI: 56.9, 82.3, 99.4, CCI: 120.3
2025-05-18 03:13:25 - root - INFO - Нет сигнала на вход
2025-05-18 03:13:55 - root - INFO - Цена: 2.3607, EMA: 2.351522618805451, RSI: 59.9, 83.1, 99.4, CCI: 121.2
2025-05-18 03:13:56 - root - INFO - Нет сигнала на вход
2025-05-18 03:14:26 - root - INFO - Цена: 2.3621, EMA: 2.3517277142743476, RSI: 62.4, 84.6, 99.5, CCI: 120.6
2025-05-18 03:14:26 - root - INFO - Нет сигнала на вход
2025-05-18 03:14:56 - root - INFO - Цена: 2.3628, EMA: 2.351741575660486, RSI: 63.5, 84.9, 99.5, CCI: 121.1
2025-05-18 03:14:57 - root - INFO - Нет сигнала на вход
2025-05-18 03:15:27 - root - INFO - Цена: 2.3643, EMA: 2.3519937485393645, RSI: 65.9, 86.1, 99.5, CCI: 123.3
2025-05-18 03:15:27 - root - INFO - Нет сигнала на вход
2025-05-18 03:15:58 - root - INFO - Цена: 2.3648, EMA: 2.3520036495294634, RSI: 66.6, 86.3, 99.5, CCI: 123.6
2025-05-18 03:15:58 - root - INFO - Нет сигнала на вход
2025-05-18 03:16:28 - root - INFO - Цена: 2.3655, EMA: 2.352270519453268, RSI: 67.6, 88.0, 99.6, CCI: 127.9
2025-05-18 03:16:28 - root - INFO - Нет сигнала на вход
2025-05-18 03:16:59 - root - INFO - Цена: 2.3642, EMA: 2.3522447768790107, RSI: 64.8, 87.6, 99.6, CCI: 127.5
2025-05-18 03:16:59 - root - INFO - Нет сигнала на вход
2025-05-18 03:17:29 - root - INFO - Цена: 2.3615, EMA: 2.35242845728249, RSI: 57.5, 88.5, 99.6, CCI: 128.2
2025-05-18 03:17:30 - root - INFO - Нет сигнала на вход
2025-05-18 03:18:00 - root - INFO - Цена: 2.3621, EMA: 2.3524403384706085, RSI: 59.0, 88.7, 99.6, CCI: 128.4
2025-05-18 03:18:00 - root - INFO - Нет сигнала на вход
2025-05-18 03:18:30 - root - INFO - Цена: 2.3612, EMA: 2.3526089950422975, RSI: 56.6, 88.9, 99.7, CCI: 127.5
2025-05-18 03:18:31 - root - INFO - Нет сигнала на вход
2025-05-18 03:19:01 - root - INFO - Цена: 2.361, EMA: 2.352766764281573, RSI: 56.1, 84.1, 99.7, CCI: 124.8
2025-05-18 03:19:01 - root - INFO - Нет сигнала на вход
2025-05-18 03:19:31 - root - INFO - Цена: 2.3615, EMA: 2.352776665271672, RSI: 57.1, 85.3, 99.7, CCI: 125.2
2025-05-18 03:19:32 - root - INFO - Нет сигнала на вход
2025-05-18 03:20:02 - root - INFO - Цена: 2.3601, EMA: 2.352884936006276, RSI: 53.8, 72.0, 99.7, CCI: 121.3
2025-05-18 03:20:02 - root - INFO - Нет сигнала на вход
2025-05-18 03:20:32 - root - INFO - Цена: 2.3576, EMA: 2.3528354310557806, RSI: 47.9, 67.6, 99.7, CCI: 119.9
2025-05-18 03:20:33 - root - INFO - Нет сигнала на вход
2025-05-18 03:21:03 - root - INFO - Цена: 2.3538, EMA: 2.3527888432995874, RSI: 41.0, 50.0, 99.0, CCI: 109.2
2025-05-18 03:21:03 - root - INFO - Нет сигнала на вход
2025-05-18 03:21:34 - root - INFO - Цена: 2.3557, EMA: 2.3528264670619636, RSI: 44.9, 52.0, 99.7, CCI: 110.1
2025-05-18 03:21:34 - root - INFO - Нет сигнала на вход
2025-05-18 03:22:04 - root - INFO - Цена: 2.3568, EMA: 2.3529144042792507, RSI: 47.3, 47.0, 99.7, CCI: 105.2
2025-05-18 03:22:04 - root - INFO - Нет сигнала на вход
2025-05-18 03:22:35 - root - INFO - Цена: 2.358, EMA: 2.3529381666554885, RSI: 49.8, 48.1, 99.7, CCI: 106.2
2025-05-18 03:22:35 - root - INFO - Нет сигнала на вход
2025-05-18 03:23:05 - root - INFO - Цена: 2.3592, EMA: 2.3530574788045087, RSI: 52.2, 46.1, 99.7, CCI: 105.3
2025-05-18 03:23:06 - root - INFO - Нет сигнала на вход
2025-05-18 03:23:36 - root - INFO - Цена: 2.3596, EMA: 2.353065399596588, RSI: 52.9, 46.5, 99.7, CCI: 105.9
2025-05-18 03:23:36 - root - INFO - Нет сигнала на вход
2025-05-18 03:24:06 - root - INFO - Цена: 2.3586, EMA: 2.353169914016864, RSI: 50.8, 44.9, 99.7, CCI: 104.2
2025-05-18 03:24:07 - root - INFO - Нет сигнала на вход
2025-05-18 03:24:37 - root - INFO - Цена: 2.3585, EMA: 2.353167933818844, RSI: 50.6, 44.8, 99.7, CCI: 104.1
2025-05-18 03:24:37 - root - INFO - Нет сигнала на вход
2025-05-18 03:25:08 - root - INFO - Цена: 2.3592, EMA: 2.353285015337305, RSI: 52.1, 50.4, 99.8, CCI: 104.2
2025-05-18 03:25:08 - root - INFO - Нет сигнала на вход
2025-05-18 03:25:38 - root - INFO - Цена: 2.3607, EMA: 2.353314718307602, RSI: 55.0, 51.9, 99.8, CCI: 105.2
2025-05-18 03:25:38 - root - INFO - Нет сигнала на вход
2025-05-18 03:26:09 - root - INFO - Цена: 2.3613, EMA: 2.353460683612585, RSI: 56.2, 56.3, 99.8, CCI: 107.9
2025-05-18 03:26:09 - root - INFO - Нет сигнала на вход
2025-05-18 03:26:39 - root - INFO - Цена: 2.3626, EMA: 2.3534864261868425, RSI: 58.5, 57.4, 99.8, CCI: 109.0
2025-05-18 03:26:39 - root - INFO - Нет сигнала на вход
2025-05-18 03:27:10 - root - INFO - Цена: 2.3619, EMA: 2.3536641889523144, RSI: 56.4, 61.2, 99.8, CCI: 113.5
2025-05-18 03:27:10 - root - INFO - Нет сигнала на вход
2025-05-18 03:27:40 - root - INFO - Цена: 2.3602, EMA: 2.3536305255859777, RSI: 52.8, 59.9, 99.8, CCI: 112.2
2025-05-18 03:27:41 - root - INFO - Нет сигнала на вход
2025-05-18 03:28:11 - root - INFO - Цена: 2.3612, EMA: 2.353805604863501, RSI: 54.9, 62.0, 99.8, CCI: 114.3
2025-05-18 03:28:11 - root - INFO - Нет сигнала на вход
2025-05-18 03:28:41 - root - INFO - Цена: 2.3634, EMA: 2.3538491692199366, RSI: 58.7, 63.6, 99.8, CCI: 116.0
2025-05-18 03:28:42 - root - INFO - Нет сигнала на вход
2025-05-18 03:29:12 - root - INFO - Цена: 2.361, EMA: 2.3540029897752626, RSI: 53.3, 65.5, 99.8, CCI: 119.5
2025-05-18 03:29:13 - root - INFO - Нет сигнала на вход
2025-05-18 03:29:43 - root - INFO - Цена: 2.3607, EMA: 2.3539970491812032, RSI: 52.7, 65.3, 99.8, CCI: 119.4
2025-05-18 03:29:43 - root - INFO - Нет сигнала на вход
2025-05-18 03:30:14 - root - INFO - Цена: 2.3573, EMA: 2.3540190603093056, RSI: 46.8, 59.4, 99.8, CCI: 119.6
2025-05-18 03:30:14 - root - INFO - Нет сигнала на вход
2025-05-18 03:30:44 - root - INFO - Цена: 2.3576, EMA: 2.354025000903365, RSI: 47.3, 59.8, 99.8, CCI: 119.5
2025-05-18 03:30:44 - root - INFO - Нет сигнала на вход
2025-05-18 03:31:15 - root - INFO - Цена: 2.358, EMA: 2.354114781806017, RSI: 48.0, 54.0, 99.8, CCI: 123.1
2025-05-18 03:31:15 - root - INFO - Нет сигнала на вход
2025-05-18 03:31:45 - root - INFO - Цена: 2.3608, EMA: 2.3541702273505716, RSI: 53.1, 57.3, 99.8, CCI: 124.6
2025-05-18 03:31:46 - root - INFO - Нет сигнала на вход
2025-05-18 03:32:16 - root - INFO - Цена: 2.361, EMA: 2.3542909751325833, RSI: 53.5, 55.8, 99.9, CCI: 127.4
2025-05-18 03:32:16 - root - INFO - Нет сигнала на вход
2025-05-18 03:32:46 - root - INFO - Цена: 2.3601, EMA: 2.3542731533504053, RSI: 51.9, 54.7, 99.8, CCI: 126.8
2025-05-18 03:32:47 - root - INFO - Нет сигнала на вход
2025-05-18 03:33:17 - root - INFO - Цена: 2.3598, EMA: 2.3543674972020763, RSI: 51.4, 49.2, 98.7, CCI: 128.5
2025-05-18 03:33:17 - root - INFO - Нет сигнала на вход
2025-05-18 03:33:47 - root - INFO - Цена: 2.3602, EMA: 2.3543754179941554, RSI: 52.1, 49.6, 99.1, CCI: 129.3
2025-05-18 03:33:48 - root - INFO - Нет сигнала на вход
2025-05-18 03:34:18 - root - INFO - Цена: 2.3574, EMA: 2.354431175114052, RSI: 46.5, 48.4, 96.3, CCI: 126.7
2025-05-18 03:34:18 - root - INFO - Нет сигнала на вход
2025-05-18 03:34:49 - root - INFO - Цена: 2.3559, EMA: 2.354401472143755, RSI: 44.0, 46.8, 94.5, CCI: 125.7
2025-05-18 03:34:49 - root - INFO - Нет сигнала на вход
2025-05-18 03:35:20 - root - INFO - Цена: 2.3566, EMA: 2.3544484136694774, RSI: 45.4, 45.5, 92.5, CCI: 122.2
2025-05-18 03:35:20 - root - INFO - Нет сигнала на вход
2025-05-18 03:35:50 - root - INFO - Цена: 2.3567, EMA: 2.354450393867497, RSI: 45.6, 45.6, 92.6, CCI: 122.5
2025-05-18 03:35:50 - root - INFO - Нет сигнала на вход
2025-05-18 03:36:21 - root - INFO - Цена: 2.3544, EMA: 2.3544245316114103, RSI: 41.4, 39.1, 84.2, CCI: 118.6
2025-05-18 03:36:21 - root - INFO - Нет сигнала на вход
2025-05-18 03:36:51 - root - INFO - Цена: 2.358, EMA: 2.3544958187401233, RSI: 48.7, 42.4, 88.3, CCI: 121.7
2025-05-18 03:36:52 - root - INFO - Нет сигнала на вход
2025-05-18 03:37:22 - root - INFO - Цена: 2.3581, EMA: 2.3545544975648345, RSI: 48.9, 41.0, 88.0, CCI: 123.1
2025-05-18 03:37:22 - root - INFO - Нет сигнала на вход
2025-05-18 03:37:53 - root - INFO - Цена: 2.3592, EMA: 2.354576279743052, RSI: 51.1, 42.1, 88.2, CCI: 123.7
2025-05-18 03:37:53 - root - INFO - Нет сигнала на вход
2025-05-18 03:38:23 - root - INFO - Цена: 2.3578, EMA: 2.354636518252993, RSI: 48.3, 40.0, 88.5, CCI: 124.7
2025-05-18 03:38:23 - root - INFO - Нет сигнала на вход
2025-05-18 03:38:54 - root - INFO - Цена: 2.3596, EMA: 2.3546721618173496, RSI: 51.9, 41.9, 88.8, CCI: 126.1
2025-05-18 03:38:54 - root - INFO - Нет сигнала на вход
2025-05-18 03:39:24 - root - INFO - Цена: 2.3568, EMA: 2.3547043328391184, RSI: 46.2, 42.4, 86.2, CCI: 124.0
2025-05-18 03:39:24 - root - INFO - Нет сигнала на вход
2025-05-18 03:39:55 - root - INFO - Цена: 2.3535, EMA: 2.3546389863044648, RSI: 40.7, 38.4, 82.1, CCI: 120.8
2025-05-18 03:39:55 - root - INFO - Нет сигнала на вход
2025-05-18 03:40:25 - root - INFO - Цена: 2.3536, EMA: 2.3546362715709623, RSI: 40.8, 37.3, 73.7, CCI: 114.7
2025-05-18 03:40:26 - root - INFO - Нет сигнала на вход
2025-05-18 03:40:56 - root - INFO - Цена: 2.3532, EMA: 2.354628350778883, RSI: 40.1, 36.9, 73.3, CCI: 114.2
2025-05-18 03:40:56 - root - INFO - Нет сигнала на вход
2025-05-18 03:41:26 - root - INFO - Цена: 2.3576, EMA: 2.3546799811941397, RSI: 49.4, 36.3, 69.7, CCI: 112.2
2025-05-18 03:41:27 - root - INFO - Нет сигнала на вход
2025-05-18 03:41:57 - root - INFO - Цена: 2.355, EMA: 2.354628496045625, RSI: 44.5, 33.7, 67.3, CCI: 110.9
2025-05-18 03:41:57 - root - INFO - Нет сигнала на вход
2025-05-18 03:42:28 - root - INFO - Цена: 2.3536, EMA: 2.3546064281600594, RSI: 42.2, 29.0, 62.7, CCI: 106.5
2025-05-18 03:42:28 - root - INFO - Нет сигнала на вход
2025-05-18 03:42:58 - root - INFO - Цена: 2.3507, EMA: 2.3545490024174853, RSI: 38.0, 27.1, 60.3, CCI: 103.7
2025-05-18 03:42:58 - root - INFO - Нет сигнала на вход
2025-05-18 03:43:29 - root - INFO - Цена: 2.3501, EMA: 2.3544571785378845, RSI: 37.2, 22.2, 52.6, CCI: 94.5
2025-05-18 03:43:29 - root - INFO - Нет сигнала на вход
2025-05-18 03:43:59 - root - INFO - Цена: 2.3511, EMA: 2.3544769805180827, RSI: 38.9, 22.6, 53.2, CCI: 95.0
2025-05-18 03:44:00 - root - INFO - Нет сигнала на вход
2025-05-18 03:44:30 - root - INFO - Цена: 2.3511, EMA: 2.354409611097072, RSI: 39.1, 21.2, 46.1, CCI: 89.7
2025-05-18 03:44:30 - root - INFO - Нет сигнала на вход
2025-05-18 03:45:00 - root - INFO - Цена: 2.3501, EMA: 2.3543014685262613, RSI: 37.7, 19.7, 38.5, CCI: 78.5
2025-05-18 03:45:01 - root - INFO - Нет сигнала на вход
2025-05-18 03:45:31 - root - INFO - Цена: 2.3508, EMA: 2.3543153299124, RSI: 39.4, 19.9, 38.8, CCI: 79.0
2025-05-18 03:45:31 - root - INFO - Нет сигнала на вход
2025-05-18 03:46:01 - root - INFO - Цена: 2.3509, EMA: 2.3542477183752, RSI: 39.6, 18.2, 33.7, CCI: 70.8
2025-05-18 03:46:02 - root - INFO - Нет сигнала на вход
2025-05-18 03:46:32 - root - INFO - Цена: 2.3513, EMA: 2.3542556391672798, RSI: 40.6, 18.4, 33.9, CCI: 71.5
2025-05-18 03:46:33 - root - INFO - Нет сигнала на вход
2025-05-18 03:47:03 - root - INFO - Цена: 2.3521, EMA: 2.3542498538048213, RSI: 43.0, 21.8, 31.2, CCI: 70.9
2025-05-18 03:47:03 - root - INFO - Нет сигнала на вход
2025-05-18 03:47:34 - root - INFO - Цена: 2.3544, EMA: 2.3542953983592767, RSI: 47.4, 25.8, 31.9, CCI: 73.9
2025-05-20 17:21:23 - root - INFO - Цена: 2.3376, EMA: 2.332062203186761, RSI: 66.3, 75.7, 36.9, CCI: -89.7
2025-05-20 17:21:24 - root - INFO - Нет сигнала на вход
2025-05-20 17:21:54 - root - INFO - Цена: 2.3377, EMA: 2.3320641833847806, RSI: 66.6, 75.8, 37.0, CCI: -89.1
2025-05-20 17:21:54 - root - INFO - Нет сигнала на вход
2025-05-20 17:22:24 - root - INFO - Цена: 2.3382, EMA: 2.3321967757113664, RSI: 67.0, 79.4, 42.9, CCI: -84.2
2025-05-20 17:22:25 - root - INFO - Нет сигнала на вход
2025-05-20 17:22:55 - root - INFO - Цена: 2.3398, EMA: 2.3322284588796833, RSI: 68.9, 79.9, 43.7, CCI: -82.2
2025-05-20 17:22:56 - root - INFO - Нет сигнала на вход
2025-05-20 17:23:26 - root - INFO - Цена: 2.3404, EMA: 2.332404797517109, RSI: 69.6, 82.2, 48.7, CCI: -69.5
2025-05-20 17:23:26 - root - INFO - Нет сигнала на вход
2025-05-20 17:23:57 - root - INFO - Цена: 2.34, EMA: 2.33239687672503, RSI: 69.1, 82.1, 48.5, CCI: -69.9
2025-05-20 17:23:57 - root - INFO - Нет сигнала на вход
2025-05-20 17:24:22 - root - INFO - Цена: 0.2731, EMA: 0.27278213836275234, RSI: 57.9, 68.6, 80.1, CCI: -49.1
2025-05-20 17:24:23 - root - INFO - Нет сигнала на вход
2025-05-20 17:24:59 - root - INFO - Цена: 643.0, EMA: 642.0297762044248, RSI: 63.7, 80.8, 74.2, CCI: 276.2
2025-05-20 17:24:59 - root - INFO - Нет сигнала на вход
